<?xml version="1.0" encoding="UTF-8"?>
<testng-results skipped="0" failed="0" total="1" passed="1">
  <reporter-output>
  </reporter-output>
  <suite name="Default suite" duration-ms="45783" started-at="2020-05-28T06:48:18Z" finished-at="2020-05-28T06:49:04Z">
    <groups>
      <group name="cucumber">
        <method signature="AbstractTestNGCucumberTests.feature(cucumber.api.testng.CucumberFeatureWrapper)[pri:0, instance:RunnerFiles.Runner@6f3b5d16]" name="feature" class="cucumber.api.testng.AbstractTestNGCucumberTests"/>
      </group> <!-- cucumber -->
    </groups>
    <test name="Default test" duration-ms="45783" started-at="2020-05-28T06:48:18Z" finished-at="2020-05-28T06:49:04Z">
      <class name="RunnerFiles.Runner">
        <test-method status="PASS" signature="setUpClass()[pri:0, instance:RunnerFiles.Runner@6f3b5d16]" test-instance-name="" name="setUpClass" is-config="true" duration-ms="601" started-at="2020-05-28T12:18:18Z" finished-at="2020-05-28T12:18:19Z">
          <reporter-output>
          </reporter-output>
        </test-method> <!-- setUpClass -->
        <test-method name="feature" test-instance-name="" signature="feature(cucumber.api.testng.CucumberFeatureWrapper)[pri:0, instance:RunnerFiles.Runner@6f3b5d16]" status="PASS" duration-ms="44889" finished-at="2020-05-28T12:19:04Z" started-at="2020-05-28T12:18:19Z" data-provider="features" description="Runs Cucumber Feature">
          <params>
            <param index="0">
              <value>
                <![CDATA[Testing the login feature of FaceBook app]]>
              </value>
            </param>
          </params>
          <reporter-output>
          </reporter-output>
        </test-method> <!-- feature -->
        <test-method status="PASS" signature="tearDownClass()[pri:0, instance:RunnerFiles.Runner@6f3b5d16]" test-instance-name="" name="tearDownClass" is-config="true" duration-ms="8" started-at="2020-05-28T12:19:04Z" finished-at="2020-05-28T12:19:04Z">
          <reporter-output>
          </reporter-output>
        </test-method> <!-- tearDownClass -->
      </class> <!-- RunnerFiles.Runner -->
    </test> <!-- Default test -->
  </suite> <!-- Default suite -->
</testng-results>
